riscv64-unknown-elf-gcc    -c -o kernelvec.o kernelvec.S
riscv64-unknown-elf-gcc    -c -o entry.o entry.S
riscv64-unknown-elf-gcc    -c -o switch.o switch.S
riscv64-unknown-elf-gcc    -c -o trampoline.o trampoline.S
riscv64-unknown-elf-gcc -Wall -Werror -O -fno-omit-frame-pointer -ggdb -MD -mcmodel=medany -ffreestanding -fno-common -nostdlib -mno-relax -I. -fno-stack-protector -fno-pie -no-pie   -c -o panic.o panic.c
riscv64-unknown-elf-gcc -Wall -Werror -O -fno-omit-frame-pointer -ggdb -MD -mcmodel=medany -ffreestanding -fno-common -nostdlib -mno-relax -I. -fno-stack-protector -fno-pie -no-pie   -c -o syscall.o syscall.c
riscv64-unknown-elf-gcc -Wall -Werror -O -fno-omit-frame-pointer -ggdb -MD -mcmodel=medany -ffreestanding -fno-common -nostdlib -mno-relax -I. -fno-stack-protector -fno-pie -no-pie   -c -o printf.o printf.c
riscv64-unknown-elf-gcc -Wall -Werror -O -fno-omit-frame-pointer -ggdb -MD -mcmodel=medany -ffreestanding -fno-common -nostdlib -mno-relax -I. -fno-stack-protector -fno-pie -no-pie   -c -o trap.o trap.c
riscv64-unknown-elf-gcc -Wall -Werror -O -fno-omit-frame-pointer -ggdb -MD -mcmodel=medany -ffreestanding -fno-common -nostdlib -mno-relax -I. -fno-stack-protector -fno-pie -no-pie   -c -o sbi.o sbi.c
riscv64-unknown-elf-gcc -Wall -Werror -O -fno-omit-frame-pointer -ggdb -MD -mcmodel=medany -ffreestanding -fno-common -nostdlib -mno-relax -I. -fno-stack-protector -fno-pie -no-pie   -c -o loader.o loader.c
riscv64-unknown-elf-gcc -Wall -Werror -O -fno-omit-frame-pointer -ggdb -MD -mcmodel=medany -ffreestanding -fno-common -nostdlib -mno-relax -I. -fno-stack-protector -fno-pie -no-pie   -c -o vm.o vm.c
riscv64-unknown-elf-gcc -Wall -Werror -O -fno-omit-frame-pointer -ggdb -MD -mcmodel=medany -ffreestanding -fno-common -nostdlib -mno-relax -I. -fno-stack-protector -fno-pie -no-pie   -c -o virtio_disk.o virtio_disk.c
riscv64-unknown-elf-gcc -Wall -Werror -O -fno-omit-frame-pointer -ggdb -MD -mcmodel=medany -ffreestanding -fno-common -nostdlib -mno-relax -I. -fno-stack-protector -fno-pie -no-pie   -c -o plic.o plic.c
riscv64-unknown-elf-gcc -Wall -Werror -O -fno-omit-frame-pointer -ggdb -MD -mcmodel=medany -ffreestanding -fno-common -nostdlib -mno-relax -I. -fno-stack-protector -fno-pie -no-pie   -c -o console.o console.c
riscv64-unknown-elf-gcc -Wall -Werror -O -fno-omit-frame-pointer -ggdb -MD -mcmodel=medany -ffreestanding -fno-common -nostdlib -mno-relax -I. -fno-stack-protector -fno-pie -no-pie   -c -o file.o file.c
riscv64-unknown-elf-gcc -Wall -Werror -O -fno-omit-frame-pointer -ggdb -MD -mcmodel=medany -ffreestanding -fno-common -nostdlib -mno-relax -I. -fno-stack-protector -fno-pie -no-pie   -c -o pipe.o pipe.c
riscv64-unknown-elf-gcc -Wall -Werror -O -fno-omit-frame-pointer -ggdb -MD -mcmodel=medany -ffreestanding -fno-common -nostdlib -mno-relax -I. -fno-stack-protector -fno-pie -no-pie   -c -o main.o main.c
riscv64-unknown-elf-gcc -Wall -Werror -O -fno-omit-frame-pointer -ggdb -MD -mcmodel=medany -ffreestanding -fno-common -nostdlib -mno-relax -I. -fno-stack-protector -fno-pie -no-pie   -c -o bio.o bio.c
riscv64-unknown-elf-gcc -Wall -Werror -O -fno-omit-frame-pointer -ggdb -MD -mcmodel=medany -ffreestanding -fno-common -nostdlib -mno-relax -I. -fno-stack-protector -fno-pie -no-pie   -c -o kalloc.o kalloc.c
riscv64-unknown-elf-gcc -Wall -Werror -O -fno-omit-frame-pointer -ggdb -MD -mcmodel=medany -ffreestanding -fno-common -nostdlib -mno-relax -I. -fno-stack-protector -fno-pie -no-pie   -c -o proc.o proc.c
riscv64-unknown-elf-gcc -Wall -Werror -O -fno-omit-frame-pointer -ggdb -MD -mcmodel=medany -ffreestanding -fno-common -nostdlib -mno-relax -I. -fno-stack-protector -fno-pie -no-pie   -c -o string.o string.c
riscv64-unknown-elf-gcc -Wall -Werror -O -fno-omit-frame-pointer -ggdb -MD -mcmodel=medany -ffreestanding -fno-common -nostdlib -mno-relax -I. -fno-stack-protector -fno-pie -no-pie   -c -o timer.o timer.c
riscv64-unknown-elf-gcc -Wall -Werror -O -fno-omit-frame-pointer -ggdb -MD -mcmodel=medany -ffreestanding -fno-common -nostdlib -mno-relax -I. -fno-stack-protector -fno-pie -no-pie   -c -o fs.o fs.c
riscv64-unknown-elf-gcc    -c -o link_app.o link_app.S
riscv64-unknown-elf-ld -z max-page-size=4096 -T kernel_app.ld -o kernel trampoline.o switch.o kernelvec.o entry.o panic.o sbi.o string.o trap.o virtio_disk.o plic.o console.o main.o bio.o syscall.o vm.o printf.o file.o pipe.o loader.o kalloc.o proc.o timer.o fs.o link_app.o
riscv64-unknown-elf-objdump -S kernel > kernel.asm
riscv64-unknown-elf-objdump -t kernel | sed '1,/SYMBOL TABLE/d; s/ .* / /; /^$/d' > kernel.sym
qemu-system-riscv64 -nographic -smp 1 -machine virt -bios ../bootloader/rustsbi-qemu.bin -kernel kernel -drive file=../user/fs.img,if=none,format=raw,id=x0 -device virtio-blk-device,drive=x0,bus=virtio-mmio-bus.0
[rustsbi] RustSBI version 0.1.1
.______       __    __      _______.___________.  _______..______   __
|   _  \     |  |  |  |    /       |           | /       ||   _  \ |  |
|  |_)  |    |  |  |  |   |   (----`---|  |----`|   (----`|  |_)  ||  |
|      /     |  |  |  |    \   \       |  |      \   \    |   _  < |  |
|  |\  \----.|  `--'  |.----)   |      |  |  .----)   |   |  |_)  ||  |
| _| `._____| \______/ |_______/       |__|  |_______/    |______/ |__|

[rustsbi] Platform: QEMU (Version 0.1.0)
[rustsbi] misa: RV64ACDFIMSU
[rustsbi] mideleg: 0x222
[rustsbi] medeleg: 0xb1ab
[rustsbi-dtb] Hart count: cluster0 with 1 cores
[rustsbi] Kernel entry: 0x80200000
ekernel = 0x0000000080358000
enable pageing at 0x8000000000087fff
[96m[INFO][0] loader user_shell
[0m[96m[INFO][0] load range = [0x0000000080212000, 0x0000000080212df1)
[0m[96m[INFO][0] start scheduler!
[0m[96m[INFO][1] fsinit
[0m[96m[INFO][1] idx[0] = 0
[0m[[96m[INFO][1] kerneltrap: epc = 0x0000000080200198, cause = 0x8000000000000009
[0m[96m[INFO][1] disk ready! 1!
[0m[96m[INFO][1] kernel intr over
[0m96m[INFO][1] wait for intr
[0m[96m[INFO][1] wait intr over
[0m[31m[ERROR][1] sb.magic = 1020ff40
[0m[31m[ERROR][1] panic: invalid file system[0m